This is pdfTeX, Version 3.1415926-1.40.10 (TeX Live 2009/Debian) (format=pdflatex 2011.6.15)  31 JUL 2011 17:37
entering extended mode
 %&-line parsing enabled.
**PBE2.tex
(./PBE2.tex
LaTeX2e <2009/09/24>
Babel <v3.8l> and hyphenation patterns for english, usenglishmax, dumylang, noh
yphenation, loaded.
(/usr/share/texmf-texlive/tex/latex/base/book.cls
Document Class: book 2007/10/19 v1.4h Standard LaTeX document class
(/usr/share/texmf-texlive/tex/latex/base/bk10.clo
File: bk10.clo 2007/10/19 v1.4h Standard LaTeX file (size option)
)
\c@part=\count79
\c@chapter=\count80
\c@section=\count81
\c@subsection=\count82
\c@subsubsection=\count83
\c@paragraph=\count84
\c@subparagraph=\count85
\c@figure=\count86
\c@table=\count87
\abovecaptionskip=\skip41
\belowcaptionskip=\skip42
\bibindent=\dimen102
)
(/usr/share/texmf-texlive/tex/latex/geometry/geometry.sty
Package: geometry 2008/12/21 v4.2 Page Geometry

(/usr/share/texmf-texlive/tex/latex/graphics/keyval.sty
Package: keyval 1999/03/16 v1.13 key=value parser (DPC)
\KV@toks@=\toks14
)
(/usr/share/texmf-texlive/tex/generic/oberdiek/ifpdf.sty
Package: ifpdf 2009/04/10 v2.0 Provides the ifpdf switch (HO)
Package ifpdf Info: pdfTeX in pdf mode detected.
)
(/usr/share/texmf-texlive/tex/generic/oberdiek/ifvtex.sty
Package: ifvtex 2008/11/04 v1.4 Switches for detecting VTeX and its modes (HO)
Package ifvtex Info: VTeX not detected.
)
\Gm@cnth=\count88
\Gm@cntv=\count89
\c@Gm@tempcnt=\count90
\Gm@bindingoffset=\dimen103
\Gm@wd@mp=\dimen104
\Gm@odd@mp=\dimen105
\Gm@even@mp=\dimen106
\Gm@dimlist=\toks15
) (./common.tex
(/usr/share/texmf-texlive/tex/latex/base/fontenc.sty
Package: fontenc 2005/09/27 v1.99g Standard LaTeX package

(/usr/share/texmf-texlive/tex/latex/base/t1enc.def
File: t1enc.def 2005/09/27 v1.99g Standard LaTeX file
LaTeX Font Info:    Redeclaring font encoding T1 on input line 43.
))
(/usr/share/texmf/tex/latex/lm/lmodern.sty
Package: lmodern 2009/10/30 v1.6 Latin Modern Fonts
LaTeX Font Info:    Overwriting symbol font `operators' in version `normal'
(Font)                  OT1/cmr/m/n --> OT1/lmr/m/n on input line 22.
LaTeX Font Info:    Overwriting symbol font `letters' in version `normal'
(Font)                  OML/cmm/m/it --> OML/lmm/m/it on input line 23.
LaTeX Font Info:    Overwriting symbol font `symbols' in version `normal'
(Font)                  OMS/cmsy/m/n --> OMS/lmsy/m/n on input line 24.
LaTeX Font Info:    Overwriting symbol font `largesymbols' in version `normal'
(Font)                  OMX/cmex/m/n --> OMX/lmex/m/n on input line 25.
LaTeX Font Info:    Overwriting symbol font `operators' in version `bold'
(Font)                  OT1/cmr/bx/n --> OT1/lmr/bx/n on input line 26.
LaTeX Font Info:    Overwriting symbol font `letters' in version `bold'
(Font)                  OML/cmm/b/it --> OML/lmm/b/it on input line 27.
LaTeX Font Info:    Overwriting symbol font `symbols' in version `bold'
(Font)                  OMS/cmsy/b/n --> OMS/lmsy/b/n on input line 28.
LaTeX Font Info:    Overwriting symbol font `largesymbols' in version `bold'
(Font)                  OMX/cmex/m/n --> OMX/lmex/m/n on input line 29.
LaTeX Font Info:    Overwriting math alphabet `\mathbf' in version `normal'
(Font)                  OT1/cmr/bx/n --> OT1/lmr/bx/n on input line 31.
LaTeX Font Info:    Overwriting math alphabet `\mathsf' in version `normal'
(Font)                  OT1/cmss/m/n --> OT1/lmss/m/n on input line 32.
LaTeX Font Info:    Overwriting math alphabet `\mathit' in version `normal'
(Font)                  OT1/cmr/m/it --> OT1/lmr/m/it on input line 33.
LaTeX Font Info:    Overwriting math alphabet `\mathtt' in version `normal'
(Font)                  OT1/cmtt/m/n --> OT1/lmtt/m/n on input line 34.
LaTeX Font Info:    Overwriting math alphabet `\mathbf' in version `bold'
(Font)                  OT1/cmr/bx/n --> OT1/lmr/bx/n on input line 35.
LaTeX Font Info:    Overwriting math alphabet `\mathsf' in version `bold'
(Font)                  OT1/cmss/bx/n --> OT1/lmss/bx/n on input line 36.
LaTeX Font Info:    Overwriting math alphabet `\mathit' in version `bold'
(Font)                  OT1/cmr/bx/it --> OT1/lmr/bx/it on input line 37.
LaTeX Font Info:    Overwriting math alphabet `\mathtt' in version `bold'
(Font)                  OT1/cmtt/m/n --> OT1/lmtt/m/n on input line 38.
)
(/usr/share/texmf-texlive/tex/latex/psnfss/palatino.sty
Package: palatino 2005/04/12 PSNFSS-v9.2a (SPQR) 
)
(/usr/share/texmf-texlive/tex/latex/psnfss/helvet.sty
Package: helvet 2005/04/12 PSNFSS-v9.2a (WaS) 
)
(/usr/share/texmf-texlive/tex/latex/microtype/microtype.sty
Package: microtype 2009/03/27 v2.3d Micro-typography with pdfTeX (RS)
\MT@toks=\toks16
\MT@count=\count91
LaTeX Info: Redefining \lsstyle on input line 1608.
LaTeX Info: Redefining \lslig on input line 1608.
\MT@outer@space=\skip43
LaTeX Info: Redefining \textls on input line 1616.
\MT@outer@kern=\dimen107
LaTeX Info: Redefining \textmicrotypecontext on input line 2167.
Package microtype Info: Loading configuration file microtype.cfg.

(/usr/share/texmf-texlive/tex/latex/microtype/microtype.cfg
File: microtype.cfg 2009/03/27 v2.3d microtype main configuration file (RS)
))
(/usr/share/texmf-texlive/tex/latex/graphics/graphicx.sty
Package: graphicx 1999/02/16 v1.0f Enhanced LaTeX Graphics (DPC,SPQR)

(/usr/share/texmf-texlive/tex/latex/graphics/graphics.sty
Package: graphics 2009/02/05 v1.0o Standard LaTeX Graphics (DPC,SPQR)

(/usr/share/texmf-texlive/tex/latex/graphics/trig.sty
Package: trig 1999/03/16 v1.09 sin cos tan (DPC)
)
(/etc/texmf/tex/latex/config/graphics.cfg
File: graphics.cfg 2009/08/28 v1.8 graphics configuration of TeX Live
)
Package graphics Info: Driver file: pdftex.def on input line 91.

(/usr/share/texmf-texlive/tex/latex/pdftex-def/pdftex.def
File: pdftex.def 2010/03/12 v0.04p Graphics/color for pdfTeX
\Gread@gobject=\count92
))
\Gin@req@height=\dimen108
\Gin@req@width=\dimen109
)
(/usr/share/texmf-texlive/tex/latex/tools/theorem.sty
Package: theorem 1995/11/23 v2.2c Theorem extension package (FMi)
\theorem@style=\toks17
\theorem@bodyfont=\toks18
\theorempreskipamount=\skip44
\theorempostskipamount=\skip45

(/usr/share/texmf-texlive/tex/latex/tools/thp.sty
File: thp.sty 1995/11/23 v2.2c Theorem extension package (FMi)
))
(/usr/share/texmf-texlive/tex/generic/babel/babel.sty
Package: babel 2008/07/06 v3.8l The Babel package

(/usr/share/texmf-texlive/tex/generic/babel/english.ldf
Language: english 2005/03/30 v3.3o English support from the babel system

(/usr/share/texmf-texlive/tex/generic/babel/babel.def
File: babel.def 2008/07/06 v3.8l Babel common definitions
\babel@savecnt=\count93
\U@D=\dimen110
)
\l@british = a dialect from \language\l@english 
\l@UKenglish = a dialect from \language\l@english 
\l@canadian = a dialect from \language\l@american 
\l@australian = a dialect from \language\l@british 
\l@newzealand = a dialect from \language\l@british 
))
(/usr/share/texmf-texlive/tex/latex/base/ifthen.sty
Package: ifthen 2001/05/26 v1.1c Standard LaTeX ifthen package (DPC)
)
(/usr/share/texmf-texlive/tex/latex/float/float.sty
Package: float 2001/11/08 v1.3d Float enhancements (AL)
\c@float@type=\count94
\float@exts=\toks19
\float@box=\box26
\@float@everytoks=\toks20
\@floatcapt=\box27
)
(/usr/share/texmf-texlive/tex/latex/tools/longtable.sty
Package: longtable 2004/02/01 v4.11 Multi-page Table package (DPC)
\LTleft=\skip46
\LTright=\skip47
\LTpre=\skip48
\LTpost=\skip49
\LTchunksize=\count95
\LTcapwidth=\dimen111
\LT@head=\box28
\LT@firsthead=\box29
\LT@foot=\box30
\LT@lastfoot=\box31
\LT@cols=\count96
\LT@rows=\count97
\c@LT@tables=\count98
\c@LT@chunks=\count99
\LT@p@ftn=\toks21
)
(/usr/share/texmf-texlive/tex/latex/base/makeidx.sty
Package: makeidx 2000/03/29 v1.0m Standard LaTeX package
)
(/usr/share/texmf-texlive/tex/latex/tocbibind/tocbibind.sty
Package: tocbibind 2009/09/04 v1.5i extra ToC listings


Package tocbibind Note: The document has chapter divisions.


Package tocbibind Note: Using chapter style headings, unless overridden.

) (/usr/share/texmf-texlive/tex/latex/tools/multicol.sty
Package: multicol 2008/12/05 v1.6h multicolumn formatting (FMi)
\c@tracingmulticols=\count100
\mult@box=\box32
\multicol@leftmargin=\dimen112
\c@unbalance=\count101
\c@collectmore=\count102
\doublecol@number=\count103
\multicoltolerance=\count104
\multicolpretolerance=\count105
\full@width=\dimen113
\page@free=\dimen114
\premulticols=\dimen115
\postmulticols=\dimen116
\multicolsep=\skip50
\multicolbaselineskip=\skip51
\partial@page=\box33
\last@line=\box34
\mult@rightbox=\box35
\mult@grightbox=\box36
\mult@gfirstbox=\box37
\mult@firstbox=\box38
\@tempa=\box39
\@tempa=\box40
\@tempa=\box41
\@tempa=\box42
\@tempa=\box43
\@tempa=\box44
\@tempa=\box45
\@tempa=\box46
\@tempa=\box47
\@tempa=\box48
\@tempa=\box49
\@tempa=\box50
\@tempa=\box51
\@tempa=\box52
\@tempa=\box53
\@tempa=\box54
\@tempa=\box55
\c@columnbadness=\count106
\c@finalcolumnbadness=\count107
\last@try=\dimen117
\multicolovershoot=\dimen118
\multicolundershoot=\dimen119
\mult@nat@firstbox=\box56
\colbreak@box=\box57
)
(/usr/share/texmf-texlive/tex/latex/booktabs/booktabs.sty
Package: booktabs 2005/04/14 v1.61803 publication quality tables
\heavyrulewidth=\dimen120
\lightrulewidth=\dimen121
\cmidrulewidth=\dimen122
\belowrulesep=\dimen123
\belowbottomsep=\dimen124
\aboverulesep=\dimen125
\abovetopsep=\dimen126
\cmidrulesep=\dimen127
\cmidrulekern=\dimen128
\defaultaddspace=\dimen129
\@cmidla=\count108
\@cmidlb=\count109
\@aboverulesep=\dimen130
\@belowrulesep=\dimen131
\@thisruleclass=\count110
\@lastruleclass=\count111
\@thisrulewidth=\dimen132
)
(/usr/share/texmf-texlive/tex/latex/ltxmisc/topcapt.sty
Package: topcapt 2004/12/11 v1.2 Caption at top of float
)
(/usr/share/texmf-texlive/tex/latex/multirow/multirow.sty
\bigstrutjot=\dimen133
)
(/usr/share/texmf-texlive/tex/latex/tools/tabularx.sty
Package: tabularx 1999/01/07 v2.07 `tabularx' package (DPC)

(/usr/share/texmf-texlive/tex/latex/tools/array.sty
Package: array 2008/09/09 v2.4c Tabular extension package (FMi)
\col@sep=\dimen134
\extrarowheight=\dimen135
\NC@list=\toks22
\extratabsurround=\skip52
\backup@length=\skip53
)
\TX@col@width=\dimen136
\TX@old@table=\dimen137
\TX@old@col=\dimen138
\TX@target=\dimen139
\TX@delta=\dimen140
\TX@cols=\count112
\TX@ftn=\toks23
)
(/usr/share/texmf-texlive/tex/latex/tools/xspace.sty
Package: xspace 2006/05/08 v1.12 Space after command names (DPC,MH)
)
(/usr/share/texmf-texlive/tex/latex/base/alltt.sty
Package: alltt 1997/06/16 v2.0g defines alltt environment
)
(/usr/share/texmf-texlive/tex/latex/amsfonts/amssymb.sty
Package: amssymb 2009/06/22 v3.00

(/usr/share/texmf-texlive/tex/latex/amsfonts/amsfonts.sty
Package: amsfonts 2009/06/22 v3.00 Basic AMSFonts support
\@emptytoks=\toks24
\symAMSa=\mathgroup4
\symAMSb=\mathgroup5
LaTeX Font Info:    Overwriting math alphabet `\mathfrak' in version `bold'
(Font)                  U/euf/m/n --> U/euf/b/n on input line 96.
))
(/usr/share/texmf-texlive/tex/latex/base/textcomp.sty
Package: textcomp 2005/09/27 v1.99g Standard LaTeX package
Package textcomp Info: Sub-encoding information:
(textcomp)               5 = only ISO-Adobe without \textcurrency
(textcomp)               4 = 5 + \texteuro
(textcomp)               3 = 4 + \textohm
(textcomp)               2 = 3 + \textestimated + \textcurrency
(textcomp)               1 = TS1 - \textcircled - \t
(textcomp)               0 = TS1 (full)
(textcomp)             Font families with sub-encoding setting implement
(textcomp)             only a restricted character set as indicated.
(textcomp)             Family '?' is the default used for unknown fonts.
(textcomp)             See the documentation for details.
Package textcomp Info: Setting ? sub-encoding to TS1/1 on input line 71.

(/usr/share/texmf-texlive/tex/latex/base/ts1enc.def
File: ts1enc.def 2001/06/05 v3.0e (jk/car/fm) Standard LaTeX file
)
LaTeX Info: Redefining \oldstylenums on input line 266.
Package textcomp Info: Setting cmr sub-encoding to TS1/0 on input line 281.
Package textcomp Info: Setting cmss sub-encoding to TS1/0 on input line 282.
Package textcomp Info: Setting cmtt sub-encoding to TS1/0 on input line 283.
Package textcomp Info: Setting cmvtt sub-encoding to TS1/0 on input line 284.
Package textcomp Info: Setting cmbr sub-encoding to TS1/0 on input line 285.
Package textcomp Info: Setting cmtl sub-encoding to TS1/0 on input line 286.
Package textcomp Info: Setting ccr sub-encoding to TS1/0 on input line 287.
Package textcomp Info: Setting ptm sub-encoding to TS1/4 on input line 288.
Package textcomp Info: Setting pcr sub-encoding to TS1/4 on input line 289.
Package textcomp Info: Setting phv sub-encoding to TS1/4 on input line 290.
Package textcomp Info: Setting ppl sub-encoding to TS1/3 on input line 291.
Package textcomp Info: Setting pag sub-encoding to TS1/4 on input line 292.
Package textcomp Info: Setting pbk sub-encoding to TS1/4 on input line 293.
Package textcomp Info: Setting pnc sub-encoding to TS1/4 on input line 294.
Package textcomp Info: Setting pzc sub-encoding to TS1/4 on input line 295.
Package textcomp Info: Setting bch sub-encoding to TS1/4 on input line 296.
Package textcomp Info: Setting put sub-encoding to TS1/5 on input line 297.
Package textcomp Info: Setting uag sub-encoding to TS1/5 on input line 298.
Package textcomp Info: Setting ugq sub-encoding to TS1/5 on input line 299.
Package textcomp Info: Setting ul8 sub-encoding to TS1/4 on input line 300.
Package textcomp Info: Setting ul9 sub-encoding to TS1/4 on input line 301.
Package textcomp Info: Setting augie sub-encoding to TS1/5 on input line 302.
Package textcomp Info: Setting dayrom sub-encoding to TS1/3 on input line 303.
Package textcomp Info: Setting dayroms sub-encoding to TS1/3 on input line 304.

Package textcomp Info: Setting pxr sub-encoding to TS1/0 on input line 305.
Package textcomp Info: Setting pxss sub-encoding to TS1/0 on input line 306.
Package textcomp Info: Setting pxtt sub-encoding to TS1/0 on input line 307.
Package textcomp Info: Setting txr sub-encoding to TS1/0 on input line 308.
Package textcomp Info: Setting txss sub-encoding to TS1/0 on input line 309.
Package textcomp Info: Setting txtt sub-encoding to TS1/0 on input line 310.
Package textcomp Info: Setting futs sub-encoding to TS1/4 on input line 311.
Package textcomp Info: Setting futx sub-encoding to TS1/4 on input line 312.
Package textcomp Info: Setting futj sub-encoding to TS1/4 on input line 313.
Package textcomp Info: Setting hlh sub-encoding to TS1/3 on input line 314.
Package textcomp Info: Setting hls sub-encoding to TS1/3 on input line 315.
Package textcomp Info: Setting hlst sub-encoding to TS1/3 on input line 316.
Package textcomp Info: Setting hlct sub-encoding to TS1/5 on input line 317.
Package textcomp Info: Setting hlx sub-encoding to TS1/5 on input line 318.
Package textcomp Info: Setting hlce sub-encoding to TS1/5 on input line 319.
Package textcomp Info: Setting hlcn sub-encoding to TS1/5 on input line 320.
Package textcomp Info: Setting hlcw sub-encoding to TS1/5 on input line 321.
Package textcomp Info: Setting hlcf sub-encoding to TS1/5 on input line 322.
Package textcomp Info: Setting pplx sub-encoding to TS1/3 on input line 323.
Package textcomp Info: Setting pplj sub-encoding to TS1/3 on input line 324.
Package textcomp Info: Setting ptmx sub-encoding to TS1/4 on input line 325.
Package textcomp Info: Setting ptmj sub-encoding to TS1/4 on input line 326.
)
(/usr/share/texmf-texlive/tex/latex/graphics/color.sty
Package: color 2005/11/14 v1.0j Standard LaTeX Color (DPC)

(/etc/texmf/tex/latex/config/color.cfg
File: color.cfg 2007/01/18 v1.5 color configuration of teTeX/TeXLive
)
Package color Info: Driver file: pdftex.def on input line 130.

(/usr/share/texmf-texlive/tex/latex/graphics/dvipsnam.def
File: dvipsnam.def 1999/02/16 v3.0i Driver-dependant file (DPC,SPQR)
))
(/usr/share/texmf-texlive/tex/latex/subfigure/subfigure.sty
Package: subfigure 2002/03/15 v2.1.5 subfigure package
\subfigtopskip=\skip54
\subfigcapskip=\skip55
\subfigcaptopadj=\dimen141
\subfigbottomskip=\skip56
\subfigcapmargin=\dimen142
\subfiglabelskip=\skip57
\c@subfigure=\count113
\c@lofdepth=\count114
\c@subtable=\count115
\c@lotdepth=\count116

****************************************
* Local config file subfigure.cfg used *
****************************************
(/usr/share/texmf-texlive/tex/latex/subfigure/subfigure.cfg)
\subfig@top=\skip58
\subfig@bottom=\skip59
)
(/usr/share/texmf-texlive/tex/latex/rotating/rotating.sty
Package: rotating 2009/03/28 v2.16a rotated objects in LaTeX
\c@r@tfl@t=\count117
\rotFPtop=\skip60
\rotFPbot=\skip61
\rot@float@box=\box58
\rot@mess@toks=\toks25
)
(/usr/share/texmf-texlive/tex/latex/enumitem/enumitem.sty
Package: enumitem 2009/05/18 v2.2 Customized lists
\enit@toks=\toks26
\labelindent=\skip62
\enit@outerparindent=\dimen143
\enitdp@desc=\count118
)
(/usr/share/texmf-texlive/tex/latex/tools/verbatim.sty
Package: verbatim 2003/08/22 v1.5q LaTeX2e package for verbatim enhancements
\every@verbatim=\toks27
\verbatim@line=\toks28
\verbatim@in@stream=\read1
)
(/usr/share/texmf-texlive/tex/latex/tools/varioref.sty
Package: varioref 2009/09/13 v1.4w package for extended references (FMi)
\c@vrcnt=\count119
)
(/usr/share/texmf-texlive/tex/latex/needspace/needspace.sty
Package: needspace 2009/09/03 v1.3b reserve vertical space
)
(/usr/share/texmf-texlive/tex/latex/isodate/isodateo.sty
Package: isodateo 2004/02/12

(/usr/share/texmf-texlive/tex/latex/tools/calc.sty
Package: calc 2007/08/22 v4.3 Infix arithmetic (KKT,FJ)
\calc@Acount=\count120
\calc@Bcount=\count121
\calc@Adimen=\dimen144
\calc@Bdimen=\dimen145
\calc@Askip=\skip63
\calc@Bskip=\skip64
LaTeX Info: Redefining \setlength on input line 76.
LaTeX Info: Redefining \addtolength on input line 77.
\calc@Ccount=\count122
\calc@Cskip=\skip65
)
(/usr/share/texmf-texlive/tex/latex/substr/substr.sty
Package: substr 2005/11/29 v1.1 Handle substrings
\c@su@anzahl=\count123
)
\c@yeartwo=\count124
\c@iso@slash=\count125
\c@iso@minus=\count126
\c@iso@dot=\count127
)
(/usr/share/texmf-texlive/tex/latex/titlesec/titlesec.sty
Package: titlesec 2007/08/12 v2.8 Sectioning titles
\ttl@box=\box59
\beforetitleunit=\skip66
\aftertitleunit=\skip67
\ttl@plus=\dimen146
\ttl@minus=\dimen147
\ttl@toksa=\toks29
\titlewidth=\dimen148
\titlewidthlast=\dimen149
\titlewidthfirst=\dimen150
)
(/usr/share/texmf-texlive/tex/latex/titlesec/titletoc.sty
Package: titletoc 2007/08/12 v1.6 TOC entries
\ttl@leftsep=\dimen151
)
(/usr/share/texmf-texlive/tex/latex/wrapfig/wrapfig.sty
\wrapoverhang=\dimen152
\WF@size=\dimen153
\c@WF@wrappedlines=\count128
\WF@box=\box60
\WF@everypar=\toks30
Package: wrapfig 2003/01/31  v 3.6
)
(/usr/share/texmf-texlive/tex/latex/jurabib/jurabib.sty
Package: jurabib 2004/01/25 v0.6 Extended citations

(/usr/share/texmf-texlive/tex/latex/ltxmisc/url.sty
\Urlmuskip=\muskip10
Package: url 2006/04/12  ver 3.3  Verb mode for urls, etc.
)
\c@ibidem@author=\count129
\c@multiple@author=\count130
LaTeX Info: Redefining \jbarchnameformat on input line 945.
\jb@subarchitemwidth=\skip68
\jb@subarchentrywidth=\skip69
LaTeX Info: Redefining \jbapifont on input line 1216.
\jb@urlfile=\write3
 (./PBE2.url)
\jb@tempfile=\read2
\openout3 = `PBE2.url'.

\c@jbbibcnt=\count131
\c@jbbibcnta=\count132
\c@idemcnt=\count133
\c@bibnamereplace=\count134
\c@citefull=\count135
\c@opcit=\count136
\c@jb@cites@in@footnote=\count137
\jbbibhang=\skip70
\bibnumberwidth=\skip71
\jb@biblaw@entry@width=\skip72
\jb@biblaw@item@width=\skip73
LaTeX Font Info:    Try loading font information for OT1+lmr on input line 3438
.

(/usr/share/texmf/tex/latex/lm/ot1lmr.fd
File: ot1lmr.fd 2009/10/30 v1.6 Font defs for Latin Modern
)
LaTeX Font Info:    Try loading font information for OML+lmm on input line 3438
.

(/usr/share/texmf/tex/latex/lm/omllmm.fd
File: omllmm.fd 2009/10/30 v1.6 Font defs for Latin Modern
)
LaTeX Font Info:    Try loading font information for OMS+lmsy on input line 343
8.

(/usr/share/texmf/tex/latex/lm/omslmsy.fd
File: omslmsy.fd 2009/10/30 v1.6 Font defs for Latin Modern
)
LaTeX Font Info:    Try loading font information for OMX+lmex on input line 343
8.

(/usr/share/texmf/tex/latex/lm/omxlmex.fd
File: omxlmex.fd 2009/10/30 v1.6 Font defs for Latin Modern
)
LaTeX Font Info:    External font `lmex10' loaded for size
(Font)              <10> on input line 3438.
LaTeX Font Info:    External font `lmex10' loaded for size
(Font)              <7> on input line 3438.
LaTeX Font Info:    External font `lmex10' loaded for size
(Font)              <5> on input line 3438.
LaTeX Font Info:    Try loading font information for U+msa on input line 3438.

(/usr/share/texmf-texlive/tex/latex/amsfonts/umsa.fd
File: umsa.fd 2009/06/22 v3.00 AMS symbols A
)
LaTeX Font Info:    Try loading font information for U+msb on input line 3438.

(/usr/share/texmf-texlive/tex/latex/amsfonts/umsb.fd
File: umsb.fd 2009/06/22 v3.00 AMS symbols B
)
LaTeX Info: Redefining \cite on input line 3744.
\jb@length@i=\skip74
\jb@length@ii=\skip75
\jb@length@iii=\skip76
\jb@temptoks=\toks31
\jbedwidth=\skip77
\jb@ta=\toks32
\jb@tb=\toks33
LaTeX Info: Redefining \jbtitlefont on input line 5980.

Package jurabib Info: *** Local config file `jurabib.cfg' used ***

(/usr/share/texmf-texlive/tex/latex/jurabib/jurabib.cfg
File: jurabib.cfg jurabib local configuration file
)
LaTeX Info: Redefining \jbtitlefont on input line 5986.
)
(/usr/share/texmf-texlive/tex/latex/hyperref/hyperref.sty
Package: hyperref 2009/10/09 v6.79a Hypertext links for LaTeX

(/usr/share/texmf-texlive/tex/generic/ifxetex/ifxetex.sty
Package: ifxetex 2009/01/23 v0.5 Provides ifxetex conditional
)
(/usr/share/texmf-texlive/tex/latex/oberdiek/hycolor.sty
Package: hycolor 2009/10/02 v1.5 Code for color options of hyperref/bookmark (H
O)

(/usr/share/texmf-texlive/tex/latex/oberdiek/xcolor-patch.sty
Package: xcolor-patch 2009/10/02 xcolor patch
))
\@linkdim=\dimen154
\Hy@linkcounter=\count138
\Hy@pagecounter=\count139

(/usr/share/texmf-texlive/tex/latex/hyperref/pd1enc.def
File: pd1enc.def 2009/10/09 v6.79a Hyperref: PDFDocEncoding definition (HO)
)
(/usr/share/texmf-texlive/tex/generic/oberdiek/etexcmds.sty
Package: etexcmds 2007/12/12 v1.2 Prefix for e-TeX command names (HO)

(/usr/share/texmf-texlive/tex/generic/oberdiek/infwarerr.sty
Package: infwarerr 2007/09/09 v1.2 Providing info/warning/message (HO)
)
Package etexcmds Info: Could not find \expanded.
(etexcmds)             That can mean that you are not using pdfTeX 1.50 or
(etexcmds)             that some package has redefined \expanded.
(etexcmds)             In the latter case, load this package earlier.
)
(/usr/share/texmf-texlive/tex/latex/latexconfig/hyperref.cfg
File: hyperref.cfg 2002/06/06 v1.2 hyperref configuration of TeXLive
)
(/usr/share/texmf-texlive/tex/latex/oberdiek/kvoptions.sty
Package: kvoptions 2009/08/13 v3.4 Keyval support for LaTeX options (HO)

(/usr/share/texmf-texlive/tex/generic/oberdiek/kvsetkeys.sty
Package: kvsetkeys 2009/07/30 v1.5 Key value parser with default handler suppor
t (HO)
))
Package hyperref Info: Option `colorlinks' set `true' on input line 2864.
Package hyperref Info: Hyper figures OFF on input line 2975.
Package hyperref Info: Link nesting OFF on input line 2980.
Package hyperref Info: Hyper index ON on input line 2983.
Package hyperref Info: Plain pages OFF on input line 2990.
Package hyperref Info: Backreferencing OFF on input line 2995.

Implicit mode ON; LaTeX internals redefined
Package hyperref Info: Bookmarks ON on input line 3191.
LaTeX Info: Redefining \url on input line 3428.
(/usr/share/texmf-texlive/tex/generic/oberdiek/bitset.sty
Package: bitset 2007/09/28 v1.0 Data type bit set (HO)

(/usr/share/texmf-texlive/tex/generic/oberdiek/intcalc.sty
Package: intcalc 2007/09/27 v1.1 Expandable integer calculations (HO)
)
(/usr/share/texmf-texlive/tex/generic/oberdiek/bigintcalc.sty
Package: bigintcalc 2007/11/11 v1.1 Expandable big integer calculations (HO)

(/usr/share/texmf-texlive/tex/generic/oberdiek/pdftexcmds.sty
Package: pdftexcmds 2009/09/23 v0.6 LuaTeX support for pdfTeX utility functions
 (HO)

(/usr/share/texmf-texlive/tex/generic/oberdiek/ifluatex.sty
Package: ifluatex 2009/04/17 v1.2 Provides the ifluatex switch (HO)
Package ifluatex Info: LuaTeX not detected.
)
(/usr/share/texmf-texlive/tex/generic/oberdiek/ltxcmds.sty
Package: ltxcmds 2009/08/05 v1.0 Some LaTeX kernel commands for general use (HO
)
)
Package pdftexcmds Info: LuaTeX not detected.
Package pdftexcmds Info: \pdf@primitive is available.
Package pdftexcmds Info: \pdf@ifprimitive is available.
)))
\Fld@menulength=\count140
\Field@Width=\dimen155
\Fld@charsize=\dimen156
\Field@toks=\toks34
Package hyperref Info: Hyper figures OFF on input line 4377.
Package hyperref Info: Link nesting OFF on input line 4382.
Package hyperref Info: Hyper index ON on input line 4385.
Package hyperref Info: backreferencing OFF on input line 4392.
Package hyperref Info: Link coloring ON on input line 4395.
Package hyperref Info: Link coloring with OCG OFF on input line 4402.
Package hyperref Info: PDF/A mode OFF on input line 4407.

(/usr/share/texmf-texlive/tex/generic/oberdiek/atbegshi.sty
Package: atbegshi 2008/07/31 v1.9 At begin shipout hook (HO)
)
\Hy@abspage=\count141
\c@Item=\count142
)
*hyperref using default driver hpdftex*
(/usr/share/texmf-texlive/tex/latex/hyperref/hpdftex.def
File: hpdftex.def 2009/10/09 v6.79a Hyperref driver for pdfTeX
\Fld@listcount=\count143
)
(/usr/share/texmf-texlive/tex/latex/ltxmisc/ulem.sty
\UL@box=\box61
\UL@hyphenbox=\box62
\UL@skip=\skip78
\UL@hook=\toks35
\UL@pe=\count144
\UL@pixel=\dimen157
\ULC@box=\box63
Package: ulem 2000/05/26
\ULdepth=\dimen158
)
(/usr/share/texmf/tex/latex/xcolor/xcolor.sty
Package: xcolor 2007/01/21 v2.11 LaTeX color extensions (UK)

(/etc/texmf/tex/latex/config/color.cfg
File: color.cfg 2007/01/18 v1.5 color configuration of teTeX/TeXLive
)
Package xcolor Info: Driver file: pdftex.def on input line 225.
LaTeX Info: Redefining \color on input line 702.
Package xcolor Info: Model `cmy' substituted by `cmy0' on input line 1337.
Package xcolor Info: Model `hsb' substituted by `rgb' on input line 1341.
Package xcolor Info: Model `RGB' extended on input line 1353.
Package xcolor Info: Model `HTML' substituted by `rgb' on input line 1355.
Package xcolor Info: Model `Hsb' substituted by `hsb' on input line 1356.
Package xcolor Info: Model `tHsb' substituted by `hsb' on input line 1357.
Package xcolor Info: Model `HSB' substituted by `hsb' on input line 1358.
Package xcolor Info: Model `Gray' substituted by `gray' on input line 1359.
Package xcolor Info: Model `wave' substituted by `hsb' on input line 1360.
)
\SavedText=\box64
\InnerBoxRule=\skip79
\OuterBoxRule=\skip80
\BoxSeparation=\skip81
\SaveBoxSep=\skip82

(/usr/share/texmf-texlive/tex/latex/titlesec/ttlps.def
File: ttlps.def 2007/08/12


Package titlesec Warning: You are using an old interface for page styles
(titlesec)                You could proceed but don't complain if you run
(titlesec)                into errors.

)
\c@faq=\count145
 (/usr/share/texmf-texlive/tex/latex/listings/listings.sty
\lst@mode=\count146
\lst@gtempboxa=\box65
\lst@token=\toks36
\lst@length=\count147
\lst@currlwidth=\dimen159
\lst@column=\count148
\lst@pos=\count149
\lst@lostspace=\dimen160
\lst@width=\dimen161
\lst@newlines=\count150
\lst@lineno=\count151
\lst@maxwidth=\dimen162

(/usr/share/texmf-texlive/tex/latex/listings/lstmisc.sty
File: lstmisc.sty 2007/02/22 1.4 (Carsten Heinz)
\c@lstnumber=\count152
\lst@skipnumbers=\count153
\lst@framebox=\box66
)
(/usr/share/texmf-texlive/tex/latex/listings/listings.cfg
File: listings.cfg 2007/02/22 1.4 listings configuration
))
Package: listings 2007/02/22 1.4 (Carsten Heinz)
\scriptindent=\skip83
\methodindent=\skip84
\methodwordlength=\skip85
\aftermethod=\skip86
)
\@indexfile=\write4
\openout4 = `PBE2.idx'.


Writing index file PBE2.idx
\@glossaryfile=\write5
\openout5 = `PBE2.glo'.

Writing glossary file PBE2.glo 
(./PBE2.aux

LaTeX Warning: Label `mth:defaultlabel' multiply defined.


LaTeX Warning: Label `mth:defaultlabel' multiply defined.

)
\openout1 = `PBE2.aux'.

LaTeX Font Info:    Checking defaults for OML/cmm/m/it on input line 56.
LaTeX Font Info:    ... okay on input line 56.
LaTeX Font Info:    Checking defaults for T1/cmr/m/n on input line 56.
LaTeX Font Info:    ... okay on input line 56.
LaTeX Font Info:    Checking defaults for OT1/cmr/m/n on input line 56.
LaTeX Font Info:    ... okay on input line 56.
LaTeX Font Info:    Checking defaults for OMS/cmsy/m/n on input line 56.
LaTeX Font Info:    ... okay on input line 56.
LaTeX Font Info:    Checking defaults for OMX/cmex/m/n on input line 56.
LaTeX Font Info:    ... okay on input line 56.
LaTeX Font Info:    Checking defaults for U/cmr/m/n on input line 56.
LaTeX Font Info:    ... okay on input line 56.
LaTeX Font Info:    Checking defaults for TS1/cmr/m/n on input line 56.
LaTeX Font Info:    Try loading font information for TS1+cmr on input line 56.
 (/usr/share/texmf-texlive/tex/latex/base/ts1cmr.fd
File: ts1cmr.fd 1999/05/25 v2.5h Standard LaTeX font definitions
)
LaTeX Font Info:    ... okay on input line 56.
LaTeX Font Info:    Checking defaults for PD1/pdf/m/n on input line 56.
LaTeX Font Info:    ... okay on input line 56.
LaTeX Font Info:    Try loading font information for T1+ppl on input line 56.

(/usr/share/texmf-texlive/tex/latex/psnfss/t1ppl.fd
File: t1ppl.fd 2001/06/04 font definitions for T1/ppl.
)
*geometry auto-detecting driver*
*geometry detected driver: pdftex*
-------------------- Geometry parameters
paper: user defined
landscape: --
twocolumn: --
twoside: true
asymmetric: --
h-parts: 54.2025pt, 334.61044pt, 54.2025pt
v-parts: 54.2025pt, 539.13469pt, 72.26999pt
hmarginratio: --
vmarginratio: --
lines: --
heightrounded: --
bindingoffset: 0.0pt
truedimen: --
includehead: --
includefoot: --
includemp: --
driver: pdftex
-------------------- Page layout dimensions and switches
\paperwidth  443.01544pt
\paperheight 665.60718pt
\textwidth  334.61044pt
\textheight 539.13469pt
\oddsidemargin  -18.06749pt
\evensidemargin -18.06749pt
\topmargin  -48.13498pt
\headheight 12.0pt
\headsep    18.06749pt
\footskip   25.29494pt
\marginparwidth 115.0pt
\marginparsep   7.0pt
\columnsep  10.0pt
\skip\footins  9.0pt plus 4.0pt minus 2.0pt
\hoffset 0.0pt
\voffset 0.0pt
\mag 1000
\@twosidetrue \@mparswitchtrue 
(1in=72.27pt, 1cm=28.45pt)
-----------------------
LaTeX Info: Redefining \microtypecontext on input line 56.
Package microtype Info: Generating PDF output.
Package microtype Info: Character protrusion enabled (level 2).
Package microtype Info: Using default protrusion set `alltext'.
Package microtype Info: No font expansion.
Package microtype Info: No tracking.
Package microtype Info: No adjustment of interword spacing.
Package microtype Info: No adjustment of character kerning.
(/usr/share/texmf-texlive/tex/latex/microtype/mt-ppl.cfg
File: mt-ppl.cfg 2005/11/16 v1.6 microtype config. file: Palatino (RS)
)
(/usr/share/texmf-texlive/tex/context/base/supp-pdf.mkii
[Loading MPS to PDF converter (version 2006.09.02).]
\scratchcounter=\count154
\scratchdimen=\dimen163
\scratchbox=\box67
\nofMPsegments=\count155
\nofMParguments=\count156
\everyMPshowfont=\toks37
\MPscratchCnt=\count157
\MPscratchDim=\dimen164
\MPnumerator=\count158
\everyMPtoPDFconversion=\toks38
)

Package jurabib Info: 'hyperref' + 'tabularx' loaded, adapting footnote macro

Package jurabib Info: *** jurabib set up for babel ***

(/usr/share/texmf-texlive/tex/latex/jurabib/enjbbib.ldf
File: enjbbib.ldf jurabib English language definitions
)
LaTeX Info: Redefining \jbbtasep on input line 56.
LaTeX Info: Redefining \jbbfsasep on input line 56.
LaTeX Info: Redefining \jbbstasep on input line 56.
LaTeX Info: Redefining \bibbtasep on input line 56.
LaTeX Info: Redefining \bibbfsasep on input line 56.
LaTeX Info: Redefining \bibbstasep on input line 56.
LaTeX Info: Redefining \jbbtesep on input line 56.
LaTeX Info: Redefining \jbbfsesep on input line 56.
LaTeX Info: Redefining \jbbstesep on input line 56.
LaTeX Info: Redefining \bibbtesep on input line 56.
LaTeX Info: Redefining \bibbfsesep on input line 56.
LaTeX Info: Redefining \bibbstesep on input line 56.
LaTeX Info: Redefining \jbbtasep on input line 56.
LaTeX Info: Redefining \jbbfsasep on input line 56.
LaTeX Info: Redefining \jbbstasep on input line 56.
LaTeX Info: Redefining \bibbtasep on input line 56.
LaTeX Info: Redefining \bibbfsasep on input line 56.
LaTeX Info: Redefining \bibbstasep on input line 56.
LaTeX Info: Redefining \jbbtesep on input line 56.
LaTeX Info: Redefining \jbbfsesep on input line 56.
LaTeX Info: Redefining \jbbstesep on input line 56.
LaTeX Info: Redefining \bibbtesep on input line 56.
LaTeX Info: Redefining \bibbfsesep on input line 56.
LaTeX Info: Redefining \bibbstesep on input line 56.
LaTeX Info: Redefining \jbbtasep on input line 56.
LaTeX Info: Redefining \jbbfsasep on input line 56.
LaTeX Info: Redefining \jbbstasep on input line 56.
LaTeX Info: Redefining \bibbtasep on input line 56.
LaTeX Info: Redefining \bibbfsasep on input line 56.
LaTeX Info: Redefining \bibbstasep on input line 56.
LaTeX Info: Redefining \jbbtesep on input line 56.
LaTeX Info: Redefining \jbbfsesep on input line 56.
LaTeX Info: Redefining \jbbstesep on input line 56.
LaTeX Info: Redefining \bibbtesep on input line 56.
LaTeX Info: Redefining \bibbfsesep on input line 56.
LaTeX Info: Redefining \bibbstesep on input line 56.
LaTeX Info: Redefining \jbbtasep on input line 56.
LaTeX Info: Redefining \jbbfsasep on input line 56.
LaTeX Info: Redefining \jbbstasep on input line 56.
LaTeX Info: Redefining \bibbtasep on input line 56.
LaTeX Info: Redefining \bibbfsasep on input line 56.
LaTeX Info: Redefining \bibbstasep on input line 56.
LaTeX Info: Redefining \jbbtesep on input line 56.
LaTeX Info: Redefining \jbbfsesep on input line 56.
LaTeX Info: Redefining \jbbstesep on input line 56.
LaTeX Info: Redefining \bibbtesep on input line 56.
LaTeX Info: Redefining \bibbfsesep on input line 56.
LaTeX Info: Redefining \bibbstesep on input line 56.
Package hyperref Info: Link coloring ON on input line 56.

(/usr/share/texmf-texlive/tex/latex/hyperref/nameref.sty
Package: nameref 2007/05/29 v2.31 Cross-referencing by name of section

(/usr/share/texmf-texlive/tex/latex/oberdiek/refcount.sty
Package: refcount 2008/08/11 v3.1 Data extraction from references (HO)
)
\c@section@level=\count159
LaTeX Info: Redefining \Ref on input line 396.
)
LaTeX Info: Redefining \ref on input line 56.
LaTeX Info: Redefining \pageref on input line 56.
 (./PBE2.out)
(./PBE2.out)
\@outlinefile=\write6
\openout6 = `PBE2.out'.

\AtBeginShipoutBox=\box68
LaTeX Info: Redefining \Ref on input line 56.
\c@lstlisting=\count160
LaTeX Font Info:    Font shape `T1/ppl/bx/n' in size <24.88> not available
(Font)              Font shape `T1/ppl/b/n' tried instead on input line 72.
 (/usr/share/texmf-texlive/tex/latex/microtype/mt-cmr.cfg
File: mt-cmr.cfg 2008/02/29 v1.9a microtype config. file: Computer Modern Roman
 (RS)
)
LaTeX Font Info:    External font `lmex10' loaded for size
(Font)              <12> on input line 72.
LaTeX Font Info:    External font `lmex10' loaded for size
(Font)              <8> on input line 72.
LaTeX Font Info:    External font `lmex10' loaded for size
(Font)              <6> on input line 72.

(/usr/share/texmf-texlive/tex/latex/microtype/mt-msa.cfg
File: mt-msa.cfg 2006/02/04 v1.1 microtype config. file: AMS symbols (a) (RS)
)
(/usr/share/texmf-texlive/tex/latex/microtype/mt-msb.cfg
File: mt-msb.cfg 2005/06/01 v1.0 microtype config. file: AMS symbols (b) (RS)
)
Overfull \hbox (51.23436pt too wide) in paragraph at lines 72--72
 [][] 
 []

[1





{/var/lib/texmf/fonts/map/pdftex/updmap/pdftex.map}] [2


] (./PBE2.toc
LaTeX Font Info:    Font shape `T1/ppl/bx/n' in size <10> not available
(Font)              Font shape `T1/ppl/b/n' tried instead on input line 2.
LaTeX Font Info:    Font shape `T1/ppl/bx/n' in size <12> not available
(Font)              Font shape `T1/ppl/b/n' tried instead on input line 3.
 [3]
LaTeX Font Info:    Try loading font information for T1+phv on input line 104.

(/usr/share/texmf-texlive/tex/latex/psnfss/t1phv.fd
File: t1phv.fd 2001/06/04 scalable font definitions for T1/phv.
)
LaTeX Font Info:    Font shape `T1/phv/m/n' will be
(Font)              scaled to size 8.50006pt on input line 104.
 [4] [5] [6] [7])
\tf@toc=\write7
\openout7 = `PBE2.toc'.

 [8]
(./Preface/Preface2.tex
Chapter 1.
LaTeX Font Info:    Font shape `T1/ppl/bx/n' in size <14.4> not available
(Font)              Font shape `T1/ppl/b/n' tried instead on input line 40.
) [1




] [2


] [3] [4] (./Omnibrowser/Omnibrowser.tex
Chapter 2.
LaTeX Font Info:    Font shape `T1/ppl/bx/it' in size <10> not available
(Font)              Font shape `T1/ppl/b/it' tried instead on input line 68.
LaTeX Font Info:    Font shape `T1/phv/m/it' in size <10> not available
(Font)              Font shape `T1/phv/m/sl' tried instead on input line 68.
LaTeX Font Info:    Font shape `T1/phv/m/sl' will be
(Font)              scaled to size 8.50006pt on input line 68.

Underfull \hbox (badness 10000) in paragraph at lines 68--69

 []

<Omnibrowser/figures/filebrowser.png, id=952, 749.80125pt x 379.4175pt>
File: Omnibrowser/figures/filebrowser.png Graphic file (type png)

<use Omnibrowser/figures/filebrowser.png> [5


]
LaTeX Font Info:    Try loading font information for TS1+phv on input line 104.


(/usr/share/texmf-texlive/tex/latex/psnfss/ts1phv.fd
File: ts1phv.fd 2001/06/04 scalable font definitions for TS1/phv.
)
LaTeX Font Info:    Font shape `TS1/phv/m/n' will be
(Font)              scaled to size 8.50006pt on input line 104.
LaTeX Font Info:    Try loading font information for T1+pcr on input line 107.

(/usr/share/texmf-texlive/tex/latex/psnfss/t1pcr.fd
File: t1pcr.fd 2001/06/04 font definitions for T1/pcr.
) [6 <./Omnibrowser/figures/filebrowser.png (PNG copy)>] [7] [8]
<Omnibrowser/figures/command.png, id=1036, 334.3692pt x 218.7372pt>
File: Omnibrowser/figures/command.png Graphic file (type png)

<use Omnibrowser/figures/command.png> [9 <./Omnibrowser/figures/command.png (PN
G copy)>] [10] [11] [12] [13]
LaTeX Font Info:    Font shape `T1/pcr/m/it' in size <10> not available
(Font)              Font shape `T1/pcr/m/sl' tried instead on input line 441.
 [14]
<Omnibrowser/figures/CoreOnly.png, id=1185, 575.0283pt x 265.9536pt>
File: Omnibrowser/figures/CoreOnly.png Graphic file (type png)

<use Omnibrowser/figures/CoreOnly.png> [15 <./Omnibrowser/figures/CoreOnly.png>
] [16] <Omnibrowser/figures/Core.png, id=1204, 574.0647pt x 446.6286pt>
File: Omnibrowser/figures/Core.png Graphic file (type png)

<use Omnibrowser/figures/Core.png> [17 <./Omnibrowser/figures/Core.png>]
[18] [19] <Omnibrowser/figures/obbrowser.png, id=1233, 902.37125pt x 449.68pt>
File: Omnibrowser/figures/obbrowser.png Graphic file (type png)

<use Omnibrowser/figures/obbrowser.png> [20 <./Omnibrowser/figures/obbrowser.pn
g (PNG copy)>]
<Omnibrowser/figures/obInternal.png, id=1241, 574.0647pt x 393.3897pt>
File: Omnibrowser/figures/obInternal.png Graphic file (type png)

<use Omnibrowser/figures/obInternal.png>
<Omnibrowser/figures/ob-graph.png, id=1242, 511.9125pt x 220.6644pt>
File: Omnibrowser/figures/ob-graph.png Graphic file (type png)

<use Omnibrowser/figures/ob-graph.png> [21 <./Omnibrowser/figures/obInternal.pn
g>]
Underfull \hbox (badness 1748) in paragraph at lines 647--648
[]\T1/ppl/m/n/10 The root node of the do-main graph is an-swered by the method
 []

[22 <./Omnibrowser/figures/ob-graph.png>]
<Omnibrowser/figures/classSortFilter.png, id=1264, 43.1211pt x 96.36pt>
File: Omnibrowser/figures/classSortFilter.png Graphic file (type png)

<use Omnibrowser/figures/classSortFilter.png>
Underfull \hbox (badness 4608) in paragraph at lines 685--686
[]\T1/ppl/m/n/10 When a metan-ode is asked for its chil-dren nodes (in method
 []

[23 <./Omnibrowser/figures/classSortFilter.png>]
LaTeX Font Info:    Try loading font information for TS1+ppl on input line 718.


(/usr/share/texmf-texlive/tex/latex/psnfss/ts1ppl.fd
File: ts1ppl.fd 2001/06/04 font definitions for TS1/ppl.
) [24]
<Omnibrowser/figures/BrowserFamily.png, id=1281, 435.5472pt x 244.7544pt>
File: Omnibrowser/figures/BrowserFamily.png Graphic file (type png)

<use Omnibrowser/figures/BrowserFamily.png> [25 <./Omnibrowser/figures/BrowserF
amily.png>]

Package Listings Warning: Text dropped after begin of listing on input line 765
.

[26] [27]) (./Glamour/Glamour.tex [28]
Chapter 3.
[29


]
<Glamour/figures/cs_file_finder_final.png, id=1324, 623.32875pt x 344.28625pt>
File: Glamour/figures/cs_file_finder_final.png Graphic file (type png)

<use Glamour/figures/cs_file_finder_final.png> [30 <./Glamour/figures/cs_file_f
inder_final.png (PNG copy)>] [31]
<Glamour/figures/classnavigator_wireframe.pdf, id=1366, 170.7168pt x 62.59566pt
>
File: Glamour/figures/classnavigator_wireframe.pdf Graphic file (type pdf)
 <use Glamour/figures/classnavigator_wireframe.pdf> [32 <./Glamour/figures/clas
snavigator_wireframe.pdf>] [33]
<Glamour/figures/showclasses.pdf, id=1435, 505.89pt x 194.7275pt>
File: Glamour/figures/showclasses.pdf Graphic file (type pdf)

<use Glamour/figures/showclasses.pdf> [34 <./Glamour/figures/showclasses.pdf>]
[35]
<Glamour/figures/treeandcategories.pdf, id=1548, 751.74754pt x 254.99968pt>
File: Glamour/figures/treeandcategories.pdf Graphic file (type pdf)

<use Glamour/figures/treeandcategories.pdf> [36 <./Glamour/figures/treeandcateg
ories.pdf>]
<Glamour/figures/codenavigator.pdf, id=1702, 997.60503pt x 254.99968pt>
File: Glamour/figures/codenavigator.pdf Graphic file (type pdf)

<use Glamour/figures/codenavigator.pdf>
Underfull \vbox (badness 10000) has occurred while \output is active []

 [37]
<Glamour/figures/classbrowser_wireframe.pdf, id=1731, 170.7168pt x 119.50145pt>
File: Glamour/figures/classbrowser_wireframe.pdf Graphic file (type pdf)
<use Glamour/figures/classbrowser_wireframe.pdf> [38 <./Glamour/figures/codenav
igator.pdf>] [39 <./Glamour/figures/classbrowser_wireframe.pdf>] [40]
<Glamour/figures/classbrowser.pdf, id=1943, 995.59753pt x 453.38283pt>
File: Glamour/figures/classbrowser.pdf Graphic file (type pdf)

<use Glamour/figures/classbrowser.pdf>
Underfull \vbox (badness 7203) has occurred while \output is active []

 [41 <./Glamour/figures/classbrowser.pdf>] [42]
<Glamour/figures/mondrian-presentation.pdf, id=2112, 995.59753pt x 453.38283pt>
File: Glamour/figures/mondrian-presentation.pdf Graphic file (type pdf)
<use Glamour/figures/mondrian-presentation.pdf> [43 <./Glamour/figures/mondrian
-presentation.pdf>]
<Glamour/figures/finder.pdf, id=2275, 726.88765pt x 210.7875pt>
File: Glamour/figures/finder.pdf Graphic file (type pdf)

<use Glamour/figures/finder.pdf>
Underfull \hbox (badness 1215) in paragraph at lines 764--766
[]\T1/ppl/m/n/10 To dis-cover other kinds of browsers, ex-plore the hi-er-ar-ch
y of the
 []

LaTeX Font Info:    Font shape `T1/phv/m/n' will be
(Font)              scaled to size 6.80005pt on input line 775.
) (./LDAP/LDAP.tex [44 <./Glamour/figures/finder.pdf>]
Chapter 4.

Underfull \hbox (badness 10000) in paragraph at lines 35--36

 []

[45


]
Underfull \hbox (badness 1210) in paragraph at lines 64--65
[] []\T1/ppl/b/n/10 Définir une con-nex-ion.[] \T1/ppl/m/n/10 Créons une nou-ve
lle caté-gorie nom-mée 'Ap-
 []

[46]

Package Listings Warning: Text dropped after begin of listing on input line 141
.

[47] [48] [49] [50]
Underfull \hbox (badness 3333) in paragraph at lines 342--343
[]\T1/ppl/m/n/10 Essayons notre méth-ode en sup-p-ri-mant dans l'annuaire, l'en
trée
 []

[51]
Underfull \hbox (badness 7649) in paragraph at lines 358--361
[] []\T1/ppl/b/n/10 Liens utiles[] [][]$\T1/phv/m/n/10 http : / / www . openlda
p . org/$[][]\T1/ppl/m/n/10 , [][]$\T1/phv/m/n/10 http : / / en . wikipedia . o
rg / wiki / LDAP$[][] [][]$http : / / fr .
 []

) (./Mondrian/Mondrian.tex [52]
Chapter 5.

Underfull \hbox (badness 10000) in paragraph at lines 30--31

 []

[53


] <Mondrian/figures/picture1.png, id=2599, 296.10625pt x 10.0375pt>
File: Mondrian/figures/picture1.png Graphic file (type png)

<use Mondrian/figures/picture1.png>
<Mondrian/figures/picture2.png, id=2600, 296.10625pt x 10.0375pt>
File: Mondrian/figures/picture2.png Graphic file (type png)

<use Mondrian/figures/picture2.png>
<Mondrian/figures/picture3.png, id=2601, 446.66875pt x 446.66875pt>
File: Mondrian/figures/picture3.png Graphic file (type png)

<use Mondrian/figures/picture3.png> [54 <./Mondrian/figures/picture1.png> <./Mo
ndrian/figures/picture2.png> <./Mondrian/figures/picture3.png>]
<Mondrian/figures/picture4.png, id=2614, 700.6175pt x 160.6pt>
File: Mondrian/figures/picture4.png Graphic file (type png)

<use Mondrian/figures/picture4.png>
<Mondrian/figures/picture5.png, id=2615, 782.925pt x 875.27pt>
File: Mondrian/figures/picture5.png Graphic file (type png)

<use Mondrian/figures/picture5.png>
Underfull \vbox (badness 8151) has occurred while \output is active []

 [55 <./Mondrian/figures/picture4.png>] [56 <./Mondrian/figures/picture5.png>]
<Mondrian/figures/picture6.png, id=2644, 782.925pt x 875.27pt>
File: Mondrian/figures/picture6.png Graphic file (type png)

<use Mondrian/figures/picture6.png>
Underfull \vbox (badness 10000) has occurred while \output is active []

 [57]
Underfull \vbox (badness 10000) has occurred while \output is active []

 [58 <./Mondrian/figures/picture6.png>] [59] [60] [61]
Underfull \hbox (badness 1509) in paragraph at lines 339--340
\T1/ppl/m/n/10 Each node may em-bed a view. This is achieved via the key-words
 []

[62] [63] [64] [65] [66]) (./DBXTalk/DBXTalk.tex [67] [68


]
Chapter 6.

Underfull \hbox (badness 10000) in paragraph at lines 35--36

 []

<DBXTalk/figures/dbx_architecture.png, id=2970, 505.89pt x 216.81pt>
File: DBXTalk/figures/dbx_architecture.png Graphic file (type png)

<use DBXTalk/figures/dbx_architecture.png>
Underfull \vbox (badness 3547) has occurred while \output is active []

 [69]
[70 <./DBXTalk/figures/dbx_architecture.png>]
Underfull \hbox (badness 3668) in paragraph at lines 108--108
 |[]\T1/ppl/b/n/14.4 Getting down to busi-ness with DBXTalk
 []

[71] [72]) [73] [74


] [75] [76] (./Exceptions/Exceptions.tex
Chapter 7.

Underfull \hbox (badness 10000) in paragraph at lines 52--53

 []


Underfull \vbox (badness 10000) has occurred while \output is active []

 [77


]
[78] <figures/pharo.png, id=3056, 198.7425pt x 200.75pt>
File: figures/pharo.png Graphic file (type png)

<use figures/pharo.png> [79 <./figures/pharo.png (PNG copy)>] [80] [81]
<Exceptions/figures/SimpleHierarchy.png, id=3119, 346.1733pt x 268.8444pt>
File: Exceptions/figures/SimpleHierarchy.png Graphic file (type png)

<use Exceptions/figures/SimpleHierarchy.png>
Underfull \hbox (badness 2875) in paragraph at lines 317--323
\T1/ppl/m/n/10 In Smalltalk, ex-cep-tions are, of course, ob-jects. In Pharo, a
n ex-
 []


Underfull \hbox (badness 2261) in paragraph at lines 317--323
\T1/ppl/m/n/10 cep-tion is an in-stance of an ex-cep-tion class which is part o
f a hi-
 []


Underfull \hbox (badness 2735) in paragraph at lines 317--323
\T1/ppl/m/n/10 er-ar-chy of ex-cep-tion classes. For ex-am-ple, be-cause the ex
-cep-tions
 []

[82]
Underfull \hbox (badness 2237) in paragraph at lines 330--331
[]\T1/ppl/m/n/10 The class [][][][] adds in-for-ma-tion to class [][][][] to
 []


Underfull \hbox (badness 1728) in paragraph at lines 330--331
\T1/ppl/m/n/10 char-ac-ter-ize the spe-cific ab-nor-mal sit-u-a-tion it de-scri
bes. Specif-i-cally,
 []

[83 <./Exceptions/figures/SimpleHierarchy.png>] [84] [85] [86]
<Exceptions/figures/Stack.png, id=3225, 569.9694pt x 234.6366pt>
File: Exceptions/figures/Stack.png Graphic file (type png)

<use Exceptions/figures/Stack.png> [87 <./Exceptions/figures/Stack.png>]
[88]
LaTeX Font Info:    Font shape `T1/phv/bx/n' in size <12> not available
(Font)              Font shape `T1/phv/b/n' tried instead on input line 566.
LaTeX Font Info:    Font shape `T1/phv/b/n' will be
(Font)              scaled to size 10.20007pt on input line 566.
 [89] [90] [91]
Underfull \hbox (badness 1281) in paragraph at lines 697--699
\T1/ppl/m/n/10 Depending on user in-put, the han-dler in [][][][] might \T1/phv
/m/n/10 re-turn
 []

[92]
LaTeX Font Info:    Font shape `TS1/phv/m/it' in size <10> not available
(Font)              Font shape `TS1/phv/m/sl' tried instead on input line 713.
LaTeX Font Info:    Font shape `TS1/phv/m/sl' will be
(Font)              scaled to size 8.50006pt on input line 713.
 <Exceptions/figures/Deprecation.png, id=3356, 712.6625pt x 488.82625pt>
File: Exceptions/figures/Deprecation.png Graphic file (type png)

<use Exceptions/figures/Deprecation.png> [93 <./Exceptions/figures/Deprecation.
png (PNG copy)>] [94]
Package hyperref Info: bookmark level for unknown lstlisting defaults to 0 on i
nput line 804.
 [95]
LaTeX Font Info:    Font shape `T1/phv/bx/n' in size <14.4> not available
(Font)              Font shape `T1/phv/b/n' tried instead on input line 849.
LaTeX Font Info:    Font shape `T1/phv/b/n' will be
(Font)              scaled to size 12.24008pt on input line 849.
 [96]
LaTeX Font Info:    Font shape `T1/phv/m/it' in size <9> not available
(Font)              Font shape `T1/phv/m/sl' tried instead on input line 899.
LaTeX Font Info:    Font shape `T1/phv/m/sl' will be
(Font)              scaled to size 7.65005pt on input line 899.
LaTeX Font Info:    Font shape `T1/phv/m/n' will be
(Font)              scaled to size 7.65005pt on input line 899.
 [97] [98]
Underfull \hbox (badness 10000) in paragraph at lines 999--1000
[]\T1/ppl/m/n/10 The source code of the prim-i-tive is found in [][][]
 []

[99] [100]
<Exceptions/figures/ExceptionSubclasses.png, id=3551, 761.7258pt x 510.708pt>
File: Exceptions/figures/ExceptionSubclasses.png Graphic file (type png)

<use Exceptions/figures/ExceptionSubclasses.png> [101] [102 <./Exceptions/figur
es/ExceptionSubclasses.png>] [103] [104]) (./Block/Block.tex [105] [106


]
Chapter 8.

Underfull \hbox (badness 10000) in paragraph at lines 36--37

 []


Underfull \vbox (badness 1033) has occurred while \output is active []

 [107]
[108] [109] [110] [111]
Underfull \hbox (badness 2443) in paragraph at lines 295--297
[] [][] \T1/ppl/m/n/10 Ar-gu-ments, tem-po-raries, in-stance vari-ables are lex
-i-cally scoped in
 []

[112]
<Block/figures/blockClosureLocalTemp.pdf, id=3753, 394.47375pt x 355.3275pt>
File: Block/figures/blockClosureLocalTemp.pdf Graphic file (type pdf)

<use Block/figures/blockClosureLocalTemp.pdf> [113 <./Block/figures/blockClosur
eLocalTemp.pdf>]
<Block/figures/blockClosureOutsideTemp.pdf, id=3786, 393.47pt x 348.30125pt>
File: Block/figures/blockClosureOutsideTemp.pdf Graphic file (type pdf)

<use Block/figures/blockClosureOutsideTemp.pdf> [114 <./Block/figures/blockClos
ureOutsideTemp.pdf>] [115] [116]) (./Float/Float.tex [117] [118


]
Chapter 9.

Underfull \hbox (badness 10000) in paragraph at lines 35--36

 []

[119]
LaTeX Font Info:    Font shape `T1/phv/bx/n' in size <10> not available
(Font)              Font shape `T1/phv/b/n' tried instead on input line 81.
LaTeX Font Info:    Font shape `T1/phv/b/n' will be
(Font)              scaled to size 8.50006pt on input line 81.
 [120] [121]
Underfull \vbox (badness 10000) has occurred while \output is active []

 [122]
[123]
Underfull \hbox (badness 10000) in paragraph at lines 264--270
[]\T1/ppl/m/n/10 Another mes-sage ex-ists to print ex-actly, you need to use
 []


Underfull \hbox (badness 1472) in paragraph at lines 264--270
[][][][] \T1/ppl/m/n/10 in-stead. As ev-ery fi-nite Float is rep-re-sented
 []

[124] [125]
Underfull \hbox (badness 1997) in paragraph at lines 348--350
[]\T1/ppl/m/n/10 The fol-low-ing ex-pres-sion re-turns [][][][][][][][], which 
means that: [][][]
 []

[126]) [127] [128


] [129] [130] [131


] [132] (./FileSystem/FileSystem.tex
Chapter 10.

Underfull \hbox (badness 10000) in paragraph at lines 36--37

 []

[133


] [134] [135] [136] [137] [138]) (./Announcements/Announcements.tex
[139] [140


]
Chapter 11.

Underfull \hbox (badness 1107) in paragraph at lines 48--55
[]\T1/ppl/m/n/10 There is a so-lu-tion based on ex-plicit de-pen-den-cies also 
called the
 []


Underfull \vbox (badness 10000) has occurred while \output is active []

 [141]
[142]) (./Sockets/Sockets.tex [143] [144


]
Chapter 12.

Underfull \hbox (badness 10000) in paragraph at lines 36--37

 []

<Sockets/figures/socketConcept.pdf, id=4322, 529.98pt x 185.69376pt>
File: Sockets/figures/socketConcept.pdf Graphic file (type pdf)

<use Sockets/figures/socketConcept.pdf> [145]
Underfull \vbox (badness 3907) has occurred while \output is active []

 [146 <./Sockets/figures/socketConcept.pdf>] [147] [148] [149]
Underfull \vbox (badness 10000) has occurred while \output is active []

 [150]
[151] [152] [153] [154] [155]) (./Settings/Settings.tex [156]
Chapter 13.
[157


] <Settings/figures/modularflow.pdf, id=4601, 523.9575pt x 236.885pt>
File: Settings/figures/modularflow.pdf Graphic file (type pdf)

<use Settings/figures/modularflow.pdf> [158 <./Settings/figures/modularflow.pdf
>]
Underfull \hbox (badness 10000) in paragraph at lines 85--87
[]\T1/ppl/m/n/10 The Set-tings pack-age de-fines
 []

<Settings/figures/SettingBrowser.png, id=4629, 720.6925pt x 461.725pt>
File: Settings/figures/SettingBrowser.png Graphic file (type png)

<use Settings/figures/SettingBrowser.png> [159]
<Settings/figures/popup0.png, id=4640, 85.31876pt x 26.0975pt>
File: Settings/figures/popup0.png Graphic file (type png)

<use Settings/figures/popup0.png>
<Settings/figures/popup1.png, id=4641, 124.465pt x 41.15375pt>
File: Settings/figures/popup1.png Graphic file (type png)

<use Settings/figures/popup1.png>
<Settings/figures/popup2.png, id=4642, 124.465pt x 56.21pt>
File: Settings/figures/popup2.png Graphic file (type png)

<use Settings/figures/popup2.png> [160 <./Settings/figures/SettingBrowser.png (
PNG copy)> <./Settings/figures/popup0.png> <./Settings/figures/popup1.png> <./S
ettings/figures/popup2.png>] [161]
<Settings/figures/caseSensitiveFinds_setting_declaration1.png, id=4658, 623.328
75pt x 275.0275pt>
File: Settings/figures/caseSensitiveFinds_setting_declaration1.png Graphic file
 (type png)

<use Settings/figures/caseSensitiveFinds_setting_declaration1.png> [162]
[163 <./Settings/figures/caseSensitiveFinds_setting_declaration1.png (PNG copy)
>]
<Settings/figures/caseSensitiveFinds_setting_declaration2.png, id=4696, 719.688
75pt x 210.7875pt>
File: Settings/figures/caseSensitiveFinds_setting_declaration2.png Graphic file
 (type png)

<use Settings/figures/caseSensitiveFinds_setting_declaration2.png> [164 <./Sett
ings/figures/caseSensitiveFinds_setting_declaration2.png (PNG copy)>] [165]
Underfull \vbox (badness 8000) has occurred while \output is active []

 [166]
[167]
<Settings/figures/configurableFormatter.png, id=4773, 719.68875pt x 94.3525pt>
File: Settings/figures/configurableFormatter.png Graphic file (type png)

<use Settings/figures/configurableFormatter.png>
Overfull \hbox (3.64331pt too wide) in paragraph at lines 347--348
 [] 
 []

[168 <./Settings/figures/configurableFormatter.png (PNG copy)>]
<Settings/figures/smart-subtree1.png, id=4796, 431.6125pt x 177.66376pt>
File: Settings/figures/smart-subtree1.png Graphic file (type png)

<use Settings/figures/smart-subtree1.png>
<Settings/figures/smart-subtree2.png, id=4797, 428.60126pt x 179.67125pt>
File: Settings/figures/smart-subtree2.png Graphic file (type png)

<use Settings/figures/smart-subtree2.png>
Underfull \hbox (badness 1005) in paragraph at lines 407--408
\T1/ppl/m/n/10 The par-ent set-ting value is given by eval-u-at-ing []
 []


Underfull \hbox (badness 10000) in paragraph at lines 407--408
[][][][][][][][][][][]\T1/ppl/m/n/10 . If it re-turns [][][][], then the chil-d
ren
 []


Underfull \vbox (badness 2261) has occurred while \output is active []

 [169 <./Settings/figures/smart-subtree1.png (PNG copy)> <./Settings/figures/sm
art-subtree2.png (PNG copy)>]
Underfull \vbox (badness 2205) has occurred while \output is active []

 [170]
<Settings/figures/fullScreenMargin.png, id=4848, 740.7675pt x 96.36pt>
File: Settings/figures/fullScreenMargin.png Graphic file (type png)

<use Settings/figures/fullScreenMargin.png> [171 <./Settings/figures/fullScreen
Margin.png (PNG copy)>]
<Settings/figures/window-position-strategy.png, id=4863, 453.695pt x 127.47626p
t>
File: Settings/figures/window-position-strategy.png Graphic file (type png)
 <use Settings/figures/window-position-strategy.png> [172 <./Settings/figures/w
indow-position-strategy.png (PNG copy)>]
Underfull \hbox (badness 7888) in paragraph at lines 523--524
[]\T1/ppl/m/n/10 Concerning the value of the pref-er-ence it-self, if you in-sp
ect
 []


Underfull \hbox (badness 7981) in paragraph at lines 523--524
[][][][][][][][]\T1/ppl/m/n/10 , you should no-tice that the re-sult is a
 []


Underfull \hbox (badness 10000) in paragraph at lines 523--524
\T1/ppl/m/n/10 value among [][][][][][][][][][][]
 []

[173] <Settings/figures/launcher.png, id=4895, 670.505pt x 206.7725pt>
File: Settings/figures/launcher.png Graphic file (type png)

<use Settings/figures/launcher.png> [174 <./Settings/figures/launcher.png (PNG 
copy)>] [175]
LaTeX Font Info:    Font shape `T1/ppl/bx/it' in size <12> not available
(Font)              Font shape `T1/ppl/b/it' tried instead on input line 628.

<Settings/figures/setting-style-load-dialog.png, id=4930, 479.7925pt x 153.5737
5pt>
File: Settings/figures/setting-style-load-dialog.png Graphic file (type png)
 <use Settings/figures/setting-style-load-dialog.png>
LaTeX Font Info:    Font shape `T1/ppl/bx/it' in size <14.4> not available
(Font)              Font shape `T1/ppl/b/it' tried instead on input line 653.

Underfull \vbox (badness 1320) has occurred while \output is active []

 [176 <./Settings/figures/setting-style-load-dialog.png>] [177]
<Settings/figures/secondarySelectionColorV1.png, id=4965, 603.25375pt x 120.45p
t>
File: Settings/figures/secondarySelectionColorV1.png Graphic file (type png)
 <use Settings/figures/secondarySelectionColorV1.png> [178 <./Settings/figures/
secondarySelectionColorV1.png (PNG copy)>] [179] [180]
<Settings/figures/textSelectionColorSettings.png, id=5045, 760.8425pt x 170.637
5pt>
File: Settings/figures/textSelectionColorSettings.png Graphic file (type png)
 <use Settings/figures/textSelectionColorSettings.png>
Overfull \hbox (7.76552pt too wide) in paragraph at lines 796--797
 [] 
 []

) (./Regex/Regex.tex [181 <./Settings/figures/textSelectionColorSettings.png (P
NG copy)>] [182


]
Chapter 14.

Underfull \hbox (badness 10000) in paragraph at lines 42--43

 []

[183]

Package hyperref Warning: Token not allowed in a PDF string (PDFDocEncoding):
(hyperref)                \kern 1.66672pt
(hyperref)                removed on input line 71.


Package hyperref Warning: Token not allowed in a PDF string (PDFDocEncoding):
(hyperref)                \kern 1.66672pt
(hyperref)                removed on input line 71.

File: figures/pharo.png Graphic file (type png)
<use figures/pharo.png>
File: figures/pharo.png Graphic file (type png)
 <use figures/pharo.png> [184]
<Regex/figures/aWebDir.png, id=5089, 627.34375pt x 258.9675pt>
File: Regex/figures/aWebDir.png Graphic file (type png)

<use Regex/figures/aWebDir.png>
File: figures/pharo.png Graphic file (type png)
 <use figures/pharo.png>
Underfull \hbox (badness 1215) in paragraph at lines 114--114
[] \T1/ppl/m/it/10 Add the fol-low-ing meth-ods and try it out by in-spect-ing 
the re-sult of
 []

[185 <./Regex/figures/aWebDir.png (PNG copy)>]
File: figures/pharo.png Graphic file (type png)
 <use figures/pharo.png>
File: figures/pharo.png Graphic file (type png)

<use figures/pharo.png> [186]
File: figures/pharo.png Graphic file (type png)
 <use figures/pharo.png>
File: figures/pharo.png Graphic file (type png)
 <use figures/pharo.png>
[187]
File: figures/pharo.png Graphic file (type png)
 <use figures/pharo.png>
File: figures/pharo.png Graphic file (type png)
 <use figures/pharo.png> [188]
File: figures/pharo.png Graphic file (type png)

<use figures/pharo.png> [189]
File: figures/pharo.png Graphic file (type png)
 <use figures/pharo.png>
File: figures/pharo.png Graphic file (type png)
 <use figures/pharo.png>
[190] <Regex/figures/PBE-toc.png, id=5225, 944.52875pt x 352.31625pt>
File: Regex/figures/PBE-toc.png Graphic file (type png)

<use Regex/figures/PBE-toc.png> [191] [192 <./Regex/figures/PBE-toc.png (PNG co
py)>] [193] [194] [195] [196]
Underfull \hbox (badness 1558) in paragraph at lines 728--729
\T1/ppl/m/n/10 So far most of our ex-am-ples have used the [][][][] ex-ten-sion
 method
 []


Underfull \hbox (badness 1005) in paragraph at lines 730--733
[]\T1/ppl/m/n/10 Strings also un-der-stand the fol-low-ing mes-sages: [][][][][
],
 []

[197] [198] [199] [200]
Underfull \hbox (badness 1910) in paragraph at lines 922--929
\T1/ppl/m/n/10 in this sec-tion are ac-tu-ally im-ple-mented by the matcher. \T
1/phv/m/n/10 Rx-Matcher
 []


Underfull \hbox (badness 1831) in paragraph at lines 922--929
\T1/ppl/m/n/10 im-ple-ments the fol-low-ing meth-ods for it-er-at-ing over matc
hes within
 []

[201]
Underfull \hbox (badness 5519) in paragraph at lines 945--951
\T1/ppl/m/n/10 streams: [][][][][], [][][][][], [][][][][],
 []

[202] [203]) [204] [205


] [206] (./Monticello/Monticello.tex
Chapter 15.

Underfull \hbox (badness 10000) in paragraph at lines 47--48

 []

[207


]
File: figures/pharo.png Graphic file (type png)
 <use figures/pharo.png>
<Monticello/figures/monticelloBrowser.png, id=5519, 726.715pt x 208.78pt>
File: Monticello/figures/monticelloBrowser.png Graphic file (type png)

<use Monticello/figures/monticelloBrowser.png> [208]
File: figures/pharo.png Graphic file (type png)
 <use figures/pharo.png>
<Monticello/figures/perfectPackage.png, id=5534, 757.83125pt x 235.88126pt>
File: Monticello/figures/perfectPackage.png Graphic file (type png)

<use Monticello/figures/perfectPackage.png> [209 <./Monticello/figures/monticel
loBrowser.png (PNG copy)> <./Monticello/figures/perfectPackage.png (PNG copy)>]
File: figures/pharo.png Graphic file (type png)
<use figures/pharo.png>
<Monticello/figures/saving.png, id=5545, 417.56pt x 202.7575pt>
File: Monticello/figures/saving.png Graphic file (type png)

<use Monticello/figures/saving.png>
File: figures/pharo.png Graphic file (type png)
 <use figures/pharo.png> [210]
File: figures/pharo.png Graphic file (type png)

<use figures/pharo.png> [211 <./Monticello/figures/saving.png (PNG copy)>]
<Monticello/figures/dirty.png, id=5565, 597.23125pt x 213.79875pt>
File: Monticello/figures/dirty.png Graphic file (type png)

<use Monticello/figures/dirty.png>
File: figures/pharo.png Graphic file (type png)
 <use figures/pharo.png>
File: figures/pharo.png Graphic file (type png)

<use figures/pharo.png>
<Monticello/figures/repositoryinspector.png, id=5568, 698.61pt x 488.82625pt>
File: Monticello/figures/repositoryinspector.png Graphic file (type png)

<use Monticello/figures/repositoryinspector.png> [212 <./Monticello/figures/dir
ty.png (PNG copy)>] [213 <./Monticello/figures/repositoryinspector.png (PNG cop
y)>]
File: figures/pharo.png Graphic file (type png)
 <use figures/pharo.png>
<Monticello/figures/unload.png, id=5583, 597.23125pt x 314.17375pt>
File: Monticello/figures/unload.png Graphic file (type png)

<use Monticello/figures/unload.png>
File: figures/pharo.png Graphic file (type png)
 <use figures/pharo.png>
<Monticello/figures/loading.png, id=5584, 597.23125pt x 357.335pt>
File: Monticello/figures/loading.png Graphic file (type png)

<use Monticello/figures/loading.png>
File: figures/pharo.png Graphic file (type png)
 <use figures/pharo.png> [214 <./Monticello/figures/unload.png (PNG copy)>]
File: figures/pharo.png Graphic file (type png)
 <use figures/pharo.png> [215 <./Monticello/figures/loading.png (PNG copy)>]
File: figures/pharo.png Graphic file (type png)
 <use figures/pharo.png>
<Monticello/figures/unsavedWarning.png, id=5602, 466.74374pt x 163.61125pt>
File: Monticello/figures/unsavedWarning.png Graphic file (type png)

<use Monticello/figures/unsavedWarning.png>
File: figures/pharo.png Graphic file (type png)
 <use figures/pharo.png>
<Monticello/figures/newerWarning.png, id=5603, 583.17876pt x 240.9pt>
File: Monticello/figures/newerWarning.png Graphic file (type png)

<use Monticello/figures/newerWarning.png>
<Monticello/figures/branch.png, id=5604, 657.45625pt x 314.17375pt>
File: Monticello/figures/branch.png Graphic file (type png)

<use Monticello/figures/branch.png>
File: figures/pharo.png Graphic file (type png)
 <use figures/pharo.png> [216 <./Monticello/figures/unsavedWarning.png (PNG cop
y)>]
<Monticello/figures/branching-merging.png, id=5625, 527.8119pt x 173.448pt>
File: Monticello/figures/branching-merging.png Graphic file (type png)

<use Monticello/figures/branching-merging.png>
Underfull \vbox (badness 1048) has occurred while \output is active []

 [217 <./Monticello/figures/newerWarning.png (PNG copy)> <./Monticello/figures/
branch.png (PNG copy)>]
<Monticello/figures/mergeButton.png, id=5633, 657.45625pt x 361.35pt>
File: Monticello/figures/mergeButton.png Graphic file (type png)

<use Monticello/figures/mergeButton.png>
File: figures/pharo.png Graphic file (type png)
 <use figures/pharo.png>
<Monticello/figures/mergeTool.png, id=5635, 537.00626pt x 378.41376pt>
File: Monticello/figures/mergeTool.png Graphic file (type png)

<use Monticello/figures/mergeTool.png> [218 <./Monticello/figures/branching-mer
ging.png> <./Monticello/figures/mergeButton.png (PNG copy)>]
Underfull \hbox (badness 4429) in paragraph at lines 454--455
[]\T1/ppl/m/n/10 A plain type-face in-di-cates the def-i-ni-tion is non-
 []

<Monticello/figures/keepReject.png, id=5646, 540.0175pt x 403.5075pt>
File: Monticello/figures/keepReject.png Graphic file (type png)

<use Monticello/figures/keepReject.png> [219 <./Monticello/figures/mergeTool.pn
g (PNG copy)>]
File: figures/pharo.png Graphic file (type png)
 <use figures/pharo.png>
<Monticello/figures/merged.png, id=5652, 569.12625pt x 373.395pt>
File: Monticello/figures/merged.png Graphic file (type png)

<use Monticello/figures/merged.png> [220 <./Monticello/figures/keepReject.png (
PNG copy)> <./Monticello/figures/merged.png (PNG copy)>]
File: figures/pharo.png Graphic file (type png)

<use figures/pharo.png>
<Monticello/figures/packageviewer.png, id=5660, 724.7075pt x 342.27875pt>
File: Monticello/figures/packageviewer.png Graphic file (type png)

<use Monticello/figures/packageviewer.png> [221 <./Monticello/figures/packagevi
ewer.png (PNG copy)>]
File: figures/pharo.png Graphic file (type png)
 <use figures/pharo.png>
<Monticello/figures/patchbrowser.png, id=5669, 615.29875pt x 323.2075pt>
File: Monticello/figures/patchbrowser.png Graphic file (type png)

<use Monticello/figures/patchbrowser.png> [222 <./Monticello/figures/patchbrows
er.png (PNG copy)>]
File: figures/pharo.png Graphic file (type png)
 <use figures/pharo.png>
<Monticello/figures/historyviewer.png, id=5687, 654.445pt x 250.9375pt>
File: Monticello/figures/historyviewer.png Graphic file (type png)

<use Monticello/figures/historyviewer.png> [223 <./Monticello/figures/historyvi
ewer.png (PNG copy)>]
<Monticello/figures/backport.png, id=5697, 564.9105pt x 524.9211pt>
File: Monticello/figures/backport.png Graphic file (type png)

<use Monticello/figures/backport.png> [224 <./Monticello/figures/backport.png>]
File: figures/pharo.png Graphic file (type png)
<use figures/pharo.png>
<Monticello/figures/changes.png, id=5704, 509.905pt x 381.425pt>
File: Monticello/figures/changes.png Graphic file (type png)

<use Monticello/figures/changes.png>
Underfull \vbox (badness 10000) has occurred while \output is active []

 [225 <./Monticello/figures/changes.png (PNG copy)>]
<Monticello/figures/dependencies.png, id=5712, 539.8569pt x 206.6922pt>
File: Monticello/figures/dependencies.png Graphic file (type png)

<use Monticello/figures/dependencies.png> [226 <./Monticello/figures/dependenci
es.png>]
File: figures/pharo.png Graphic file (type png)
 <use figures/pharo.png>
<Monticello/figures/perfectDependencies.png, id=5720, 850.17625pt x 239.89626pt
>
File: Monticello/figures/perfectDependencies.png Graphic file (type png)
 <use Monticello/figures/perfectDependencies.png> [227 <./Monticello/figures/pe
rfectDependencies.png (PNG copy)>] [228] [229] [230]

Package Listings Warning: Text dropped after begin of listing on input line 789
.

[231] <Monticello/figures/squeaksource2.png, id=5790, 784.9325pt x 527.9725pt>
File: Monticello/figures/squeaksource2.png Graphic file (type png)

<use Monticello/figures/squeaksource2.png>
File: figures/pharo.png Graphic file (type png)
 <use figures/pharo.png> [232 <./Monticello/figures/squeaksource2.png (PNG copy
)>]
LaTeX Font Info:    Try loading font information for T1+lmr on input line 853.

(/usr/share/texmf/tex/latex/lm/t1lmr.fd
File: t1lmr.fd 2009/10/30 v1.6 Font defs for Latin Modern
)
<Monticello/figures/squeaksourcesetting.png, id=5808, 791.95876pt x 885.3075pt>
File: Monticello/figures/squeaksourcesetting.png Graphic file (type png)
<use Monticello/figures/squeaksourcesetting.png>
Underfull \vbox (badness 10000) has occurred while \output is active []

 [233 <./Monticello/figures/squeaksourcesetting.png (PNG copy)>] [234]
Underfull \hbox (badness 10000) in paragraph at lines 923--924
[][][][][][][][][][][][][][][][][][][][][][][][][][][][][][][][][][][][][][][][
][][][][][][][][][][][][][][][][][][][][][][][][][][][][]
 []

[235]) (./Gofer/Gofer.tex [236]
Chapter 16.
<Gofer/figures/classExtension.pdf, id=5831, 442.65375pt x 223.83624pt>
File: Gofer/figures/classExtension.pdf Graphic file (type pdf)

<use Gofer/figures/classExtension.pdf>
<Gofer/figures/browserExtension.png, id=5832, 705.63625pt x 438.63875pt>
File: Gofer/figures/browserExtension.png Graphic file (type png)

<use Gofer/figures/browserExtension.png> [237


]
<Gofer/figures/changeBrowser.png, id=5844, 791.95876pt x 560.0925pt>
File: Gofer/figures/changeBrowser.png Graphic file (type png)

<use Gofer/figures/changeBrowser.png> [238 <./Gofer/figures/classExtension.pdf>
 <./Gofer/figures/browserExtension.png>]
<Gofer/figures/Architecture3.pdf, id=5866, 536.0025pt x 446.66875pt>
File: Gofer/figures/Architecture3.pdf Graphic file (type pdf)

<use Gofer/figures/Architecture3.pdf> [239 <./Gofer/figures/changeBrowser.png>]

Underfull \vbox (badness 1831) has occurred while \output is active []

 [240 <./Gofer/figures/Architecture3.pdf>] [241] [242] [243]
Underfull \vbox (badness 1742) has occurred while \output is active []

 [244]
[245] [246]
Underfull \hbox (badness 1033) in paragraph at lines 428--429
[]\T1/ppl/m/n/10 Now if you want load your pack-ages lo-cally re-mem-ber to set
 up
 []

[247]) (./Metacello/Metacello.tex [248]
Chapter 17.

Underfull \hbox (badness 10000) in paragraph at lines 37--38

 []

[249


] [250] [251] [252]
Underfull \hbox (badness 2573) in paragraph at lines 146--147
\T1/ppl/m/n/10 Core-MichaelJones.10' and 'CoolBrowser-Tests-JohnLewis.3' and wh
ose
 []

<Metacello/figures/version01.png, id=6125, 313.17pt x 79.0152pt>
File: Metacello/figures/version01.png Graphic file (type png)

<use Metacello/figures/version01.png>
Underfull \hbox (badness 1888) in paragraph at lines 164--165
\T1/ppl/m/n/10 JohnLewis.8' and a new pack-age 'CoolBrowser-Addons' with ver-si
on
 []

<Metacello/figures/version02.png, id=6126, 313.17pt x 186.4566pt>
File: Metacello/figures/version02.png Graphic file (type png)

<use Metacello/figures/version02.png> [253 <./Metacello/figures/version01.png>]
[254 <./Metacello/figures/version02.png>] [255]
<Metacello/figures/version03.png, id=6165, 366.168pt x 267.8808pt>
File: Metacello/figures/version03.png Graphic file (type png)

<use Metacello/figures/version03.png> [256 <./Metacello/figures/version03.png>]

Underfull \hbox (badness 2277) in paragraph at lines 284--285
\T1/ppl/m/n/10 (SCM). From this point of view, a base-line is a well-defined, w
ell-
 []

<Metacello/figures/version04.png, id=6188, 355.0866pt x 298.716pt>
File: Metacello/figures/version04.png Graphic file (type png)

<use Metacello/figures/version04.png> [257] [258 <./Metacello/figures/version04
.png>] <Metacello/figures/version05.png, id=6226, 406.1574pt x 273.6624pt>
File: Metacello/figures/version05.png Graphic file (type png)

<use Metacello/figures/version05.png> [259 <./Metacello/figures/version05.png>]
<Metacello/figures/version06.png, id=6245, 449.5194pt x 253.9086pt>
File: Metacello/figures/version06.png Graphic file (type png)

<use Metacello/figures/version06.png> [260 <./Metacello/figures/version06.png>]
[261] [262] [263]
<Metacello/figures/version07.png, id=6363, 645.1302pt x 239.4546pt>
File: Metacello/figures/version07.png Graphic file (type png)

<use Metacello/figures/version07.png> [264 <./Metacello/figures/version07.png>]

Underfull \hbox (badness 1783) in paragraph at lines 622--623
[]\T1/ppl/m/n/10 As you can see, in [][][][] there is re-dun-dant in-for-ma-tio
n for
 []

[265] [266] [267] [268] [269] [270] [271] [272]
Underfull \hbox (badness 1831) in paragraph at lines 960--962
[]\T1/ppl/m/n/10 Here this in-di-cates that there are no ver-sion for the [][][
][] tag.
 []


Underfull \hbox (badness 1931) in paragraph at lines 960--962
\T1/ppl/m/n/10 Us-ing a sym-bolic ver-sion that re-solves to [][][][] will re-s
ult in a
 []

[273]
Underfull \vbox (badness 1194) has occurred while \output is active []

 [274]
Underfull \vbox (badness 10000) has occurred while \output is active []

 [275]
Underfull \vbox (badness 6110) has occurred while \output is active []

 [276]
[277] [278]
Underfull \hbox (badness 1888) in paragraph at lines 1186--1187
[]\T1/ppl/m/n/10 Note how the [][][][] sym-bolic ver-sion spec-i-fi-ca-tions we
re car-ried
 []

[279] [280] [281]
Underfull \hbox (badness 10000) in paragraph at lines 1296--1298
\T1/ppl/m/n/10 Now we are ready to start new de-vel-op-ment. The method
 []


Underfull \hbox (badness 3758) in paragraph at lines 1296--1298
[][][][][][] \T1/ppl/m/n/10 per-forms the nec-es-sary mod-i-fi-ca-tion to
 []

[282] [283]
Underfull \vbox (badness 10000) has occurred while \output is active []

 [284]
[285] [286] [287]) [288] [289


] [290] (./Profiling/Profiling.tex
Chapter 18.
[291


] [292]
<Profiling/figures/MessageTallyOne.png, id=7063, 531.9875pt x 530.98375pt>
File: Profiling/figures/MessageTallyOne.png Graphic file (type png)

<use Profiling/figures/MessageTallyOne.png>
Underfull \vbox (badness 1371) has occurred while \output is active []

 [293]
[294 <./Profiling/figures/MessageTallyOne.png>]
Underfull \hbox (badness 1270) in paragraph at lines 405--406
\T1/ppl/m/n/10 the im-ple-men-ta-tion of the ex-e-cuted method in ad-di-tion (F
ig-ure [][]18.2[][]).
 []

<Profiling/figures/TimeProfiler.png, id=7099, 715.67375pt x 506.89375pt>
File: Profiling/figures/TimeProfiler.png Graphic file (type png)

<use Profiling/figures/TimeProfiler.png> [295 <./Profiling/figures/TimeProfiler
.png>] <Omnibrowser/figures/menu.pdf, id=7108, 486.81876pt x 316.18124pt>
File: Omnibrowser/figures/menu.pdf Graphic file (type pdf)

<use Omnibrowser/figures/menu.pdf>
<Profiling/figures/testRunner.png, id=7110, 666.49pt x 504.88625pt>
File: Profiling/figures/testRunner.png Graphic file (type png)

<use Profiling/figures/testRunner.png>

LaTeX Warning: `h' float specifier changed to `ht'.

[296 <./Omnibrowser/figures/menu.pdf>] [297 <./Profiling/figures/testRunner.png
>] [298] [299] [300] [301] [302]
<Profiling/figures/sendTally.png, id=7273, 604.2575pt x 634.37pt>
File: Profiling/figures/sendTally.png Graphic file (type png)

<use Profiling/figures/sendTally.png> [303]
Underfull \hbox (badness 1755) in paragraph at lines 871--871
 |[]\T1/ppl/b/n/14.4 SpaceTally for Mem-ory Con-sump-tion per
 []


Underfull \vbox (badness 2012) has occurred while \output is active []

 [304 <./Profiling/figures/sendTally.png>] [305]

Package Listings Warning: Text dropped after begin of listing on input line 916
.

[306]
Underfull \hbox (badness 1092) in paragraph at lines 946--947
[]\T1/ppl/m/n/10 The method [][][][] and [][][][] of-fer sim-ple bench-mark-ing
 and
 []

)
No file PBE2.bbl.
No file PBE2.ind.
[307] (./PBE2.aux)

LaTeX Warning: There were multiply-defined labels.

 )
(\end occurred inside a group at level 1)

### simple group (level 1) entered at line 535 ({)
### bottom level 
Here is how much of TeX's memory you used:
 18340 strings out of 495061
 281459 string characters out of 1182621
 804234 words of memory out of 3000000
 16444 multiletter control sequences out of 15000+50000
 87556 words of font info for 112 fonts, out of 3000000 for 9000
 29 hyphenation exceptions out of 8191
 40i,14n,44p,1094b,2185s stack positions out of 5000i,500n,10000p,200000b,50000s
{/usr/share/texmf/fonts/enc/dvips/lm/lm-rm.enc}{/usr/share/texm
f/fonts/enc/dvips/lm/lm-mathsy.enc}{/usr/share/texmf/fonts/enc/dvips/lm/lm-math
it.enc}{/usr/share/texmf-texlive/fonts/enc/dvips/base/8r.enc}</usr/share/texmf/
fonts/type1/public/lm/lmmi10.pfb></usr/share/texmf/fonts/type1/public/lm/lmmi7.
pfb></usr/share/texmf/fonts/type1/public/lm/lmr10.pfb></usr/share/texmf/fonts/t
ype1/public/lm/lmr7.pfb></usr/share/texmf/fonts/type1/public/lm/lmr8.pfb></usr/
share/texmf/fonts/type1/public/lm/lmsy10.pfb></usr/share/texmf/fonts/type1/publ
ic/lm/lmsy8.pfb></usr/share/texmf-texlive/fonts/type1/urw/courier/ucrr8a.pfb></
usr/share/texmf-texlive/fonts/type1/urw/courier/ucrro8a.pfb></usr/share/texmf-t
exlive/fonts/type1/urw/helvetic/uhvb8a.pfb></usr/share/texmf-texlive/fonts/type
1/urw/helvetic/uhvr8a.pfb></usr/share/texmf-texlive/fonts/type1/urw/helvetic/uh
vro8a.pfb></usr/share/texmf-texlive/fonts/type1/urw/palatino/uplb8a.pfb></usr/s
hare/texmf-texlive/fonts/type1/urw/palatino/uplbi8a.pfb></usr/share/texmf-texli
ve/fonts/type1/urw/palatino/uplr8a.pfb></usr/share/texmf-texlive/fonts/type1/ur
w/palatino/uplri8a.pfb>
Output written on PBE2.pdf (315 pages, 6795530 bytes).
PDF statistics:
 8303 PDF objects out of 8907 (max. 8388607)
 4475 named destinations out of 5155 (max. 500000)
 23152 words of extra memory for PDF output out of 24883 (max. 10000000)

